/home/shuxian.zou/.conda/envs/cml/lib/python3.10/site-packages/sklearn/base.py:376: InconsistentVersionWarning: Trying to unpickle estimator LogisticRegression from version 1.3.2 when using version 1.4.1.post1. This might lead to breaking code or invalid results. Use at your own risk. For more info please refer to:
https://scikit-learn.org/stable/model_persistence.html#security-maintainability-limitations
  warnings.warn(
number of classes: 7487
Starting evaluation on different task groups...


Task IDs in: [0, 342)

RAG-IM:
	 precision
		Weighted mean:	 0.7876315825904298
		 Mean:		 0.7732317995458311
	 recall
		Weighted mean:	 0.7584911114322879
		 Mean:		 0.7539578129740688
	 f1
		Weighted mean:	 0.770136752215079
		 Mean:		 0.7594848145032022
	 accuracy
		Weighted mean:	 0.7774967480849834
		 Mean:		 0.7651644958614146

Baseline:
	 precision
		Weighted mean:	 0.7998827749621309
		Mean:		 0.7638973874696469
	 recall
		Weighted mean:	 0.7916709681415564
		Mean:		 0.764105494126499
	 f1
		Weighted mean:	 0.7946691372647599
		Mean:		 0.7610160036942033
	 accuracy
		Weighted mean:	 0.7963475316416493
		Mean:		 0.7615071657938352


Task IDs in: [342, 1522)

RAG-IM:
	 precision
		Weighted mean:	 0.7079191018143213
		 Mean:		 0.7133398806389791
	 recall
		Weighted mean:	 0.674678786819334
		 Mean:		 0.6761107972771268
	 f1
		Weighted mean:	 0.676591459422372
		 Mean:		 0.6778742571605021
	 accuracy
		Weighted mean:	 0.6977536928590158
		 Mean:		 0.7000019761007608

Baseline:
	 precision
		Weighted mean:	 0.6985271971395823
		Mean:		 0.695256484860954
	 recall
		Weighted mean:	 0.6789616292282143
		Mean:		 0.6688530946908617
	 f1
		Weighted mean:	 0.6713058990654016
		Mean:		 0.6597183916254279
	 accuracy
		Weighted mean:	 0.6806660256970545
		Mean:		 0.6715322689074168


Task IDs in: [1522, 2307)

RAG-IM:
	 precision
		Weighted mean:	 0.7193011796863761
		 Mean:		 0.7183257506824386
	 recall
		Weighted mean:	 0.6880664652567976
		 Mean:		 0.6882165605095542
	 f1
		Weighted mean:	 0.6766253384078158
		 Mean:		 0.6760355143794635
	 accuracy
		Weighted mean:	 0.7054380664652568
		 Mean:		 0.7046709129511678

Baseline:
	 precision
		Weighted mean:	 0.6001177888073659
		Mean:		 0.5974613284804368
	 recall
		Weighted mean:	 0.5755287009063444
		Mean:		 0.5745222929936306
	 f1
		Weighted mean:	 0.5456081913219375
		Mean:		 0.54367046258766
	 accuracy
		Weighted mean:	 0.6023413897280967
		Mean:		 0.6015923566878981


Task IDs in: [2307, 4412)
	[Few-Shot Regime]

RAG-IM:
	 precision
		Weighted mean:	 0.6546469199399012
		 Mean:		 0.6392715756136182
	 recall
		Weighted mean:	 0.6886670959433355
		 Mean:		 0.6897862232779097
	 f1
		Weighted mean:	 0.6470272590684697
		 Mean:		 0.6421219319081553
	 accuracy
		Weighted mean:	 0.6986477784932389
		 Mean:		 0.7002375296912114

Baseline:
	 precision
		Weighted mean:	 0.4050225370251127
		Mean:		 0.3859857482185273
	 recall
		Weighted mean:	 0.53026400515132
		Mean:		 0.5285035629453682
	 f1
		Weighted mean:	 0.43386992916934963
		Mean:		 0.4239746634996041
	 accuracy
		Weighted mean:	 0.5544108177720541
		Mean:		 0.55


Task IDs in: [4412, 7487)
	[Zero-Shot Regime]

RAG-IM:
	 precision
		Weighted mean:	 0.583089430894309
		 Mean:		 0.583089430894309
	 recall
		Weighted mean:	 0.6757723577235772
		 Mean:		 0.6757723577235772
	 f1
		Weighted mean:	 0.6139837398373984
		 Mean:		 0.6139837398373984
	 accuracy
		Weighted mean:	 0.6954471544715447
		 Mean:		 0.6954471544715447

Baseline:
	 precision
		Weighted mean:	 0.0
		Mean:		 0.0
	 recall
		Weighted mean:	 0.0
		Mean:		 0.0
	 f1
		Weighted mean:	 0.0
		Mean:		 0.0
	 accuracy
		Weighted mean:	 0.5
		Mean:		 0.5
Done infererence!
